<?xml version="1.0" encoding="UTF-8" ?>
<testsuite tests="17" failures="0" name="com.training.epam.ticketservice.at.TestExecutor" time="153.759" errors="0" skipped="0">
  <properties>
    <property name="java.runtime.name" value="Java(TM) SE Runtime Environment"/>
    <property name="java.vm.version" value="13.0.2+8"/>
    <property name="sun.boot.library.path" value="C:\Program Files\Java\jdk-13.0.2\bin"/>
    <property name="maven.multiModuleProjectDirectory" value="C:\Users\Dpara\Desktop\epam-deik-java-dev\final"/>
    <property name="java.vm.vendor" value="Oracle Corporation"/>
    <property name="java.vendor.url" value="https://java.oracle.com/"/>
    <property name="guice.disable.misplaced.annotation.check" value="true"/>
    <property name="path.separator" value=";"/>
    <property name="java.vm.name" value="Java HotSpot(TM) 64-Bit Server VM"/>
    <property name="sun.os.patch.level" value=""/>
    <property name="user.script" value=""/>
    <property name="user.country" value="HU"/>
    <property name="sun.java.launcher" value="SUN_STANDARD"/>
    <property name="java.vm.specification.name" value="Java Virtual Machine Specification"/>
    <property name="user.dir" value="C:\Users\Dpara\Desktop\epam-deik-java-dev\final"/>
    <property name="java.vm.compressedOopsMode" value="Zero based"/>
    <property name="java.runtime.version" value="13.0.2+8"/>
    <property name="os.arch" value="amd64"/>
    <property name="java.io.tmpdir" value="C:\Users\Dpara\AppData\Local\Temp\"/>
    <property name="line.separator" value="
"/>
    <property name="java.vm.specification.vendor" value="Oracle Corporation"/>
    <property name="user.variant" value=""/>
    <property name="os.name" value="Windows 10"/>
    <property name="classworlds.conf" value="C:\maven\bin\..\bin\m2.conf"/>
    <property name="sun.jnu.encoding" value="Cp1250"/>
    <property name="java.library.path" value="C:\Program Files\Java\jdk-13.0.2\bin;C:\WINDOWS\Sun\Java\bin;C:\WINDOWS\system32;C:\WINDOWS;C:\Users\Dpara\AppData\Local\Programs\Python\Python39\Scripts\;C:\Users\Dpara\AppData\Local\Programs\Python\Python39\;C:\Windows\system32;C:\Windows;C:\Windows\System32\Wbem;C:\Windows\System32\WindowsPowerShell\v1.0\;C:\WINDOWS\system32;C:\WINDOWS;C:\WINDOWS\System32\Wbem;C:\WINDOWS\System32\WindowsPowerShell\v1.0\;C:\WINDOWS\System32\OpenSSH\;E:\Matlab\runtime\win64;E:\Matlab\bin;C:\Program Files\PuTTY\;C:\Program Files\NVIDIA Corporation\NVIDIA NvDLISR;C:\Program Files (x86)\Windows Kits\8.1\Windows Performance Toolkit\;E:\LINGO64_18\;C:\Program Files\Git\cmd;C:\Program Files\Java\jdk-13.0.2\bin;C:\WINDOWS\system32;C:\WINDOWS;C:\WINDOWS\System32\Wbem;C:\WINDOWS\System32\WindowsPowerShell\v1.0\;C:\WINDOWS\System32\OpenSSH\;C:\maven\bin;C:\xampp\php;C:\composer;C:\Program Files\dotnet\;C:\opencv\build\x64\vc15\bin\;C:\Program Files\Docker\Docker\resources\bin;C:\ProgramData\DockerDesktop\version-bin;C:\Program Files\nodejs\;C:\ProgramData\chocolatey\bin;C:\Users\Dpara\AppData\Roaming\Python\Python38\Scripts;C:\Users\Dpara\AppData\Local\Programs\Python\Python38-32\Scripts\;C:\Users\Dpara\AppData\Local\Programs\Python\Python38-32\;C:\Users\Dpara\AppData\Local\Microsoft\WindowsApps;;C:\Users\Dpara\AppData\Local\Programs\Microsoft VS Code\bin;C:\Program Files\JetBrains\IntelliJ IDEA 2020.3\bin;;C:\Users\Dpara\AppData\Roaming\Composer\vendor\bin;C:\Users\Dpara\.dotnet\tools;C:\Users\Dpara\AppData\Roaming\npm;G:\WebStorm\WebStorm 2020.3.2\bin;;G:\DataGrip 2020.3.2\bin;;."/>
    <property name="maven.conf" value="C:\maven\bin\../conf"/>
    <property name="jdk.debug" value="release"/>
    <property name="java.class.version" value="57.0"/>
    <property name="java.specification.name" value="Java Platform API Specification"/>
    <property name="sun.management.compiler" value="HotSpot 64-Bit Tiered Compilers"/>
    <property name="os.version" value="10.0"/>
    <property name="library.jansi.path" value="C:\maven\bin\..\lib\jansi-native"/>
    <property name="user.home" value="C:\Users\Dpara"/>
    <property name="user.timezone" value="Europe/Budapest"/>
    <property name="file.encoding" value="Cp1250"/>
    <property name="java.specification.version" value="13"/>
    <property name="user.name" value="Dpara"/>
    <property name="java.class.path" value="C:\maven\bin\..\boot\plexus-classworlds-2.6.0.jar"/>
    <property name="java.vm.specification.version" value="13"/>
    <property name="sun.arch.data.model" value="64"/>
    <property name="sun.java.command" value="org.codehaus.plexus.classworlds.launcher.Launcher clean verify"/>
    <property name="java.home" value="C:\Program Files\Java\jdk-13.0.2"/>
    <property name="user.language" value="hu"/>
    <property name="java.specification.vendor" value="Oracle Corporation"/>
    <property name="java.vm.info" value="mixed mode, sharing"/>
    <property name="java.version" value="13.0.2"/>
    <property name="java.vendor" value="Oracle Corporation"/>
    <property name="sun.stderr.encoding" value="cp852"/>
    <property name="maven.home" value="C:\maven\bin\.."/>
    <property name="file.separator" value="\"/>
    <property name="java.version.date" value="2020-01-14"/>
    <property name="java.vendor.url.bug" value="https://bugreport.java.com/bugreport/"/>
    <property name="sun.io.unicode.encoding" value="UnicodeLittle"/>
    <property name="sun.cpu.endian" value="little"/>
    <property name="sun.stdout.encoding" value="cp852"/>
    <property name="sun.cpu.isalist" value="amd64"/>
  </properties>
  <testcase classname="allow creating accounts and logging in" name="the admin account exists by default and can be logged in with the correct password" time="8.829"/>
  <testcase classname="allow creating accounts and logging in" name="the admin account can be signed out" time="8.438"/>
  <testcase classname="allow creating accounts and logging in" name="the admin account can not be logged in with incorrect password" time="8.447"/>
  <testcase classname="allows creating movie descriptions" name="an admin user can create and list movies" time="8.272"/>
  <testcase classname="allows creating movie descriptions" name="an admin user can update a movie" time="8.519"/>
  <testcase classname="allows creating movie descriptions" name="an admin user can delete a movie" time="8.916"/>
  <testcase classname="allows creating movie descriptions" name="an unauthenticated user can list movies" time="8.597"/>
  <testcase classname="allow creating, reading, updating and deleting rooms where the screenings will happen" name="an admin user can create and list rooms" time="8.307"/>
  <testcase classname="allow creating, reading, updating and deleting rooms where the screenings will happen" name="an admin user can update a room" time="8.461"/>
  <testcase classname="allow creating, reading, updating and deleting rooms where the screenings will happen" name="an admin user can delete a room" time="8.395"/>
  <testcase classname="allow creating, reading, updating and deleting rooms where the screenings will happen" name="an unauthenticated user can list rooms" time="8.592"/>
  <testcase classname="allows creating, deleting and listing screenings" name="The admin user can create and query screenings" time="9.932"/>
  <testcase classname="allows creating, deleting and listing screenings" name="The admin can not create overlapping screenings in the same room" time="9.995"/>
  <testcase classname="allows creating, deleting and listing screenings" name="The admin can create overlapping screenings in different rooms" time="10.059"/>
  <testcase classname="allows creating, deleting and listing screenings" name="The admin can not create screenings during a 10 minute long breaks after another screening in the same room" time="10.044"/>
  <testcase classname="allows creating, deleting and listing screenings" name="The admin can create screenings even if there is a break after a screening in a different room" time="9.961"/>
  <testcase classname="allows creating, deleting and listing screenings" name="The admin user can delete screenings" time="9.995"/>
</testsuite>